<?xml version="1.0" encoding="UTF-8"?>
<!-- Generated by org.testng.reporters.JUnitXMLReporter -->
<testsuite ignored="6" hostname="DESKTOP-TL0N4SB" failures="0" tests="7" name="all" time="27.096" errors="0" timestamp="2025-03-09T16:44:37 IST">
  <testcase classname="test.BrandTest" name="searchProductName" time="3.638"/>
  <testcase classname="test.BrandTest" name="deviceValidation" time="7.078"/>
  <testcase classname="test.ProductPrice" name="searchProductName" time="3.077"/>
  <testcase classname="test.ProductPrice" name="ClicFirstLink" time="0.164"/>
  <testcase classname="test.SearchPage" name="searchProductName" time="2.64"/>
  <testcase classname="test.SearchPage" name="searchProductNamelistvalidate" time="0.003"/>
  <testcase classname="test.SearchPage" name="testSearchForValidate" time="0.035"/>
  <testcase classname="test.BaseTest" name="@BeforeTest beforeTest" time="0.0">
    <ignored/>
  </testcase> <!-- @BeforeTest beforeTest -->
  <testcase classname="test.BaseTest" name="@AfterTest afterTest" time="0.0">
    <ignored/>
  </testcase> <!-- @AfterTest afterTest -->
  <testcase classname="test.BaseTest" name="@BeforeTest beforeTest" time="0.0">
    <ignored/>
  </testcase> <!-- @BeforeTest beforeTest -->
  <testcase classname="test.BaseTest" name="@BeforeTest beforeTest" time="0.0">
    <ignored/>
  </testcase> <!-- @BeforeTest beforeTest -->
  <testcase classname="test.BaseTest" name="@AfterTest afterTest" time="0.0">
    <ignored/>
  </testcase> <!-- @AfterTest afterTest -->
  <testcase classname="test.BaseTest" name="@AfterTest afterTest" time="0.0">
    <ignored/>
  </testcase> <!-- @AfterTest afterTest -->
</testsuite> <!-- all -->
