<?xml version="1.0" encoding="UTF-8"?>
<!-- Generated by org.testng.reporters.JUnitXMLReporter -->
<testsuite ignored="4" hostname="DESKTOP-TL0N4SB" failures="0" tests="4" name="all" time="30.586" errors="0" timestamp="2025-03-09T14:36:51 IST">
  <testcase classname="test.ProductPrice" name="ClicFirstLink" time="13.845"/>
  <testcase classname="test.SearchPage" name="searchProductName" time="4.156"/>
  <testcase classname="test.SearchPage" name="searchProductNamelistvalidate" time="0.244"/>
  <testcase classname="test.SearchPage" name="testSearchForValidate" time="0.051"/>
  <testcase classname="test.BaseTest" name="@BeforeTest beforeTest" time="0.0">
    <ignored/>
  </testcase> <!-- @BeforeTest beforeTest -->
  <testcase classname="test.BaseTest" name="@AfterTest afterTest" time="0.0">
    <ignored/>
  </testcase> <!-- @AfterTest afterTest -->
  <testcase classname="test.BaseTest" name="@BeforeTest beforeTest" time="0.0">
    <ignored/>
  </testcase> <!-- @BeforeTest beforeTest -->
  <testcase classname="test.BaseTest" name="@AfterTest afterTest" time="0.0">
    <ignored/>
  </testcase> <!-- @AfterTest afterTest -->
</testsuite> <!-- all -->
